<?xml version="1.0" encoding="UTF-8"?>
<!-- Generated by org.testng.reporters.JUnitXMLReporter -->
<testsuite ignored="0" hostname="DESKTOP-8JS9NQE" failures="0" tests="4" name="Default test" time="111.499" errors="0" timestamp="2024-01-19T10:42:44 IST">
  <testcase classname="testCase.Testcase001" name="loginfunctionality" time="8.489"/>
  <testcase classname="testCase.Testcase001" name="searchfunctionality" time="48.35"/>
  <testcase classname="testCase.Testcase001" name="searchproduct" time="31.095"/>
  <testcase classname="testCase.Testcase001" name="thirdproduct" time="1.09"/>
</testsuite> <!-- Default test -->
