<?xml version="1.0" encoding="UTF-8"?>
<!-- Generated by org.testng.reporters.JUnitXMLReporter -->
<testsuite ignored="0" hostname="DESKTOP-8JS9NQE" failures="0" tests="4" name="Test" time="142.218" errors="0" timestamp="2024-01-19T12:40:27 IST">
  <testcase classname="testCase.Testcase001" name="loginfunctionality" time="15.185"/>
  <testcase classname="testCase.Testcase001" name="searchfunctionality" time="31.34"/>
  <testcase classname="testCase.Testcase001" name="searchproduct" time="5.038"/>
  <testcase classname="testCase.Testcase001" name="thirdproduct" time="4.6"/>
</testsuite> <!-- Test -->
