<?xml version="1.0" encoding="UTF-8"?>
<testng-results ignored="0" total="4" passed="4" failed="0" skipped="0">
  <reporter-output>
  </reporter-output>
  <suite started-at="2024-01-19T12:38:05 IST" name="Suite" finished-at="2024-01-19T12:40:27 IST" duration-ms="142218">
    <groups>
    </groups>
    <test started-at="2024-01-19T12:38:05 IST" name="Test" finished-at="2024-01-19T12:40:27 IST" duration-ms="142218">
      <class name="testCase.Testcase001">
        <test-method is-config="true" signature="setup()[pri:0, instance:testCase.Testcase001@1b11171f]" started-at="2024-01-19T12:38:05 IST" name="setup" finished-at="2024-01-19T12:39:26 IST" duration-ms="81241" status="PASS">
          <reporter-output>
          </reporter-output>
        </test-method> <!-- setup -->
        <test-method signature="loginfunctionality()[pri:0, instance:testCase.Testcase001@1b11171f]" started-at="2024-01-19T12:39:26 IST" name="loginfunctionality" finished-at="2024-01-19T12:39:41 IST" duration-ms="15185" status="PASS">
          <reporter-output>
          </reporter-output>
        </test-method> <!-- loginfunctionality -->
        <test-method signature="searchfunctionality()[pri:1, instance:testCase.Testcase001@1b11171f]" started-at="2024-01-19T12:39:41 IST" name="searchfunctionality" finished-at="2024-01-19T12:40:12 IST" duration-ms="31340" status="PASS">
          <reporter-output>
          </reporter-output>
        </test-method> <!-- searchfunctionality -->
        <test-method signature="searchproduct()[pri:2, instance:testCase.Testcase001@1b11171f]" started-at="2024-01-19T12:40:12 IST" name="searchproduct" finished-at="2024-01-19T12:40:17 IST" duration-ms="5038" status="PASS">
          <reporter-output>
          </reporter-output>
        </test-method> <!-- searchproduct -->
        <test-method signature="thirdproduct()[pri:3, instance:testCase.Testcase001@1b11171f]" started-at="2024-01-19T12:40:17 IST" name="thirdproduct" finished-at="2024-01-19T12:40:22 IST" duration-ms="4600" status="PASS">
          <reporter-output>
          </reporter-output>
        </test-method> <!-- thirdproduct -->
        <test-method is-config="true" signature="close()[pri:0, instance:testCase.Testcase001@1b11171f]" started-at="2024-01-19T12:40:22 IST" name="close" finished-at="2024-01-19T12:40:27 IST" duration-ms="4656" status="PASS">
          <reporter-output>
          </reporter-output>
        </test-method> <!-- close -->
      </class> <!-- testCase.Testcase001 -->
    </test> <!-- Test -->
  </suite> <!-- Suite -->
</testng-results>
